<?xml version="1.0" encoding="UTF-8"?>
<!-- Generated by org.testng.reporters.JUnitXMLReporter -->
<testsuite ignored="2" hostname="LAPTOP-AEHNAUM1" failures="1" tests="2" name="Test2" time="1.053" errors="0" timestamp="2023-02-08T23:32:43 IST">
  <testcase classname="Listener.TestClass1" name="testMethod3" time="1.023">
    <failure type="org.testng.internal.thread.ThreadTimeoutException" message="Method Listener.TestClass1.testMethod3() didn&amp;apos;t finish within the time-out 1000">
      <![CDATA[org.testng.internal.thread.ThreadTimeoutException: Method Listener.TestClass1.testMethod3() didn't finish within the time-out 1000
at java.base@11.0.13/java.lang.Thread.sleep(Native Method)
at app//Listener.TestClass1.testMethod3(TestClass1.java:23)
at java.base@11.0.13/java.util.concurrent.FutureTask.run(FutureTask.java:264)
at java.base@11.0.13/java.util.concurrent.ThreadPoolExecutor.runWorker(ThreadPoolExecutor.java:1128)
at java.base@11.0.13/java.util.concurrent.ThreadPoolExecutor$Worker.run(ThreadPoolExecutor.java:628)
at java.base@11.0.13/java.lang.Thread.run(Thread.java:834)
... Removed 8 stack frames]]>
    </failure>
  </testcase> <!-- testMethod3 -->
  <testcase classname="Listener.TestClass1" name="testMethod4" time="0.001">
    <skipped/>
  </testcase> <!-- testMethod4 -->
  <testcase classname="Listener.TestClass1" name="testMethod1" time="0.0">
    <ignored/>
  </testcase> <!-- testMethod1 -->
  <testcase classname="Listener.TestClass1" name="testMethod2" time="0.0">
    <ignored/>
  </testcase> <!-- testMethod2 -->
</testsuite> <!-- Test2 -->
